<?xml version="1.0" encoding="UTF-8" ?>
<testsuite tests="11" failures="0" name="fr.univavignon.pokedex.api.IPokedexTest" time="0.006" errors="0" skipped="0">
  <properties>
    <property name="idea.version" value="2021.2.2"/>
    <property name="java.runtime.name" value="OpenJDK Runtime Environment"/>
    <property name="java.vm.version" value="19.0.1+10-21"/>
    <property name="sun.boot.library.path" value="/home/nas-wks01/users/uapv2002058/.jdks/openjdk-19.0.1/lib"/>
    <property name="maven.multiModuleProjectDirectory" value="/home/nas-wks01/users/uapv2002058/Bureau/Techniques de Test/tp1"/>
    <property name="java.vm.vendor" value="Oracle Corporation"/>
    <property name="java.vendor.url" value="https://java.oracle.com/"/>
    <property name="guice.disable.misplaced.annotation.check" value="true"/>
    <property name="path.separator" value=":"/>
    <property name="java.vm.name" value="OpenJDK 64-Bit Server VM"/>
    <property name="user.country" value="FR"/>
    <property name="sun.java.launcher" value="SUN_STANDARD"/>
    <property name="java.vm.specification.name" value="Java Virtual Machine Specification"/>
    <property name="user.dir" value="/home/nas-wks01/users/uapv2002058/Bureau/Techniques de Test/tp1"/>
    <property name="java.vm.compressedOopsMode" value="Zero based"/>
    <property name="java.runtime.version" value="19.0.1+10-21"/>
    <property name="os.arch" value="amd64"/>
    <property name="java.io.tmpdir" value="/tmp"/>
    <property name="line.separator" value="
"/>
    <property name="java.vm.specification.vendor" value="Oracle Corporation"/>
    <property name="stderr.encoding" value="UTF-8"/>
    <property name="os.name" value="Linux"/>
    <property name="maven.ext.class.path" value="/usr/local/stow/Intellij_idea-2021.2.2/plugins/maven/lib/maven-event-listener.jar"/>
    <property name="classworlds.conf" value="/usr/local/stow/Intellij_idea-2021.2.2/plugins/maven/lib/maven3/bin/m2.conf"/>
    <property name="sun.jnu.encoding" value="UTF-8"/>
    <property name="stdout.encoding" value="UTF-8"/>
    <property name="java.library.path" value=":/opt/ibm/ILOG/CPLEX_Studio1261/cplex/bin/x86-64_linux:/usr/java/packages/lib:/usr/lib64:/lib64:/lib:/usr/lib"/>
    <property name="maven.conf" value="/usr/local/stow/Intellij_idea-2021.2.2/plugins/maven/lib/maven3/conf"/>
    <property name="jdk.debug" value="release"/>
    <property name="java.class.version" value="63.0"/>
    <property name="java.specification.name" value="Java Platform API Specification"/>
    <property name="sun.management.compiler" value="HotSpot 64-Bit Tiered Compilers"/>
    <property name="os.version" value="5.15.0-69-generic"/>
    <property name="user.home" value="/home/nas-wks01/users/uapv2002058"/>
    <property name="user.timezone" value="Europe/Paris"/>
    <property name="file.encoding" value="UTF-8"/>
    <property name="java.specification.version" value="19"/>
    <property name="user.name" value="uapv2002058@ad.univ-avignon.fr"/>
    <property name="java.class.path" value="/usr/local/stow/Intellij_idea-2021.2.2/plugins/maven/lib/maven3/boot/plexus-classworlds-2.6.0.jar:/usr/local/stow/Intellij_idea-2021.2.2/plugins/maven/lib/maven3/boot/plexus-classworlds.license"/>
    <property name="java.vm.specification.version" value="19"/>
    <property name="sun.arch.data.model" value="64"/>
    <property name="sun.java.command" value="org.codehaus.classworlds.Launcher -Didea.version=2021.2.2 clean install"/>
    <property name="java.home" value="/home/nas-wks01/users/uapv2002058/.jdks/openjdk-19.0.1"/>
    <property name="user.language" value="fr"/>
    <property name="java.specification.vendor" value="Oracle Corporation"/>
    <property name="java.vm.info" value="mixed mode, sharing"/>
    <property name="java.version" value="19.0.1"/>
    <property name="native.encoding" value="UTF-8"/>
    <property name="securerandom.source" value="file:/dev/./urandom"/>
    <property name="java.vendor" value="Oracle Corporation"/>
    <property name="maven.home" value="/usr/local/stow/Intellij_idea-2021.2.2/plugins/maven/lib/maven3"/>
    <property name="file.separator" value="/"/>
    <property name="java.version.date" value="2022-10-18"/>
    <property name="java.vendor.url.bug" value="https://bugreport.java.com/bugreport/"/>
    <property name="sun.io.unicode.encoding" value="UnicodeLittle"/>
    <property name="sun.cpu.endian" value="little"/>
  </properties>
  <testcase classname="fr.univavignon.pokedex.api.IPokedexTest" name="shouldReturnAqualiWhenGetPokemonIndexIs133" time="0"/>
  <testcase classname="fr.univavignon.pokedex.api.IPokedexTest" name="shouldReturn133WhenAqualiIsAdded" time="0"/>
  <testcase classname="fr.univavignon.pokedex.api.IPokedexTest" name="shouldReturnPBulbizarreMetadata" time="0"/>
  <testcase classname="fr.univavignon.pokedex.api.IPokedexTest" name="shouldReturn0WhenBulbizarreIsAdded" time="0"/>
  <testcase classname="fr.univavignon.pokedex.api.IPokedexTest" name="exceptionPokedexTestIndexGreaterThanListSize" time="0"/>
  <testcase classname="fr.univavignon.pokedex.api.IPokedexTest" name="shouldReturnPokemonsOrderedWhenPokemonListIsGiven" time="0.002"/>
  <testcase classname="fr.univavignon.pokedex.api.IPokedexTest" name="shouldReturnPokemonsWhenPokemonListIsGiven" time="0"/>
  <testcase classname="fr.univavignon.pokedex.api.IPokedexTest" name="shouldReturnBulbizarreWhenGetPokemonIndexIsO" time="0.001"/>
  <testcase classname="fr.univavignon.pokedex.api.IPokedexTest" name="shouldReturnPBulbizarre" time="0.001"/>
  <testcase classname="fr.univavignon.pokedex.api.IPokedexTest" name="exceptionPokedexTestNegativeIndex" time="0.001"/>
  <testcase classname="fr.univavignon.pokedex.api.IPokedexTest" name="shouldReturn1WhenGetSize" time="0.001"/>
</testsuite>